<?xml version="1.0" encoding="UTF-8"?>
<!-- Generated by org.testng.reporters.JUnitReportReporter -->
<testsuite hostname="CIPL-LPT-893" failures="0" tests="2" name="org.login.com.RealTest" time="37.428" errors="0" timestamp="2022-09-07T20:09:17 IST" skipped="1">
  <testcase classname="org.login.com.RealTest" name="testCase2" time="37.428"/>
  <system-out/>
  <testcase classname="org.login.com.RealTest" name="testCase1">
    <skipped/>
  </testcase> <!-- testCase1 -->
  <system-out/>
</testsuite> <!-- org.login.com.RealTest -->
