<?xml version="1.0" encoding="UTF-8"?>
<!-- Generated by org.testng.reporters.JUnitReportReporter -->
<testsuite hostname="CIPL-LPT-893" failures="0" tests="2" name="org.login.com.RealTest" time="74.830" errors="0" timestamp="2022-09-08T19:30:11 IST" skipped="0">
  <testcase classname="org.login.com.RealTest" name="testCase2" time="63.821"/>
  <system-out/>
  <testcase classname="org.login.com.RealTest" name="testCase1" time="11.009"/>
  <system-out/>
</testsuite> <!-- org.login.com.RealTest -->
