<?xml version="1.0" encoding="UTF-8"?>
<!-- Generated by org.testng.reporters.JUnitReportReporter -->
<testsuite skipped="0" hostname="CIPL-LPT-893" name="org.login.com.RealTest" tests="2" failures="0" timestamp="2022-09-07T20:43:39 IST" time="51.025" errors="0">
  <testcase name="testCase2" time="39.975" classname="org.login.com.RealTest"/>
  <system-out/>
  <testcase name="testCase1" time="11.050" classname="org.login.com.RealTest"/>
  <system-out/>
</testsuite> <!-- org.login.com.RealTest -->
